1573777769|www.opie.io|GET / HTTP/1.1|304|0
1573777770|www.opie.io|GET /bundle.css HTTP/1.1|304|0
1573777770|www.opie.io|GET /global.css HTTP/1.1|200|467
1573777770|www.opie.io|GET /bundle.js HTTP/1.1|200|1398
1573777770|www.opie.io|GET /images/bizarre.png HTTP/1.1|304|0
1573777818|www.opie.io|GET / HTTP/1.1|304|0
1573777818|www.opie.io|GET /bundle.css HTTP/1.1|304|0
1573777819|www.opie.io|GET /global.css HTTP/1.1|200|467
1573777819|www.opie.io|GET /bundle.js HTTP/1.1|200|1398
1573777819|www.opie.io|GET /images/bizarre.png HTTP/1.1|304|0
1573777834|www.opie.io|GET / HTTP/1.1|304|0
1573777834|www.opie.io|GET /bundle.css HTTP/1.1|304|0
1573777834|www.opie.io|GET /global.css HTTP/1.1|200|467
1573777834|www.opie.io|GET /bundle.js HTTP/1.1|200|1398
1573777834|www.opie.io|GET /images/bizarre.png HTTP/1.1|304|0
1573777854|www.opie.io|GET / HTTP/1.1|304|0
1573777854|www.opie.io|GET /bundle.js HTTP/1.1|200|1332
1573777854|www.opie.io|GET /bundle.css HTTP/1.1|200|39
1573777854|www.opie.io|GET /global.css HTTP/1.1|200|467
1573777854|www.opie.io|GET /images/bizarre.png HTTP/1.1|304|0
1573777932|www.opie.io|GET / HTTP/1.1|304|0
1573777932|www.opie.io|GET /bundle.css HTTP/1.1|304|0
1573777932|www.opie.io|GET /global.css HTTP/1.1|200|467
1573777932|www.opie.io|GET /bundle.js HTTP/1.1|200|1332
1573777932|www.opie.io|GET /images/bizarre.png HTTP/1.1|304|0
1573778006|www.opie.io|GET / HTTP/1.1|304|0
1573778006|www.opie.io|GET /bundle.js HTTP/1.1|200|3179
1573778006|www.opie.io|GET /global.css HTTP/1.1|200|467
1573778006|www.opie.io|GET /bundle.css HTTP/1.1|200|39
1573778006|www.opie.io|GET /images/bizarre.png HTTP/1.1|304|0
1573778015|www.opie.io|GET / HTTP/1.1|304|0
1573778016|www.opie.io|GET /global.css HTTP/1.1|200|467
1573778016|www.opie.io|GET /bundle.js HTTP/1.1|200|3134
1573778016|www.opie.io|GET /bundle.css HTTP/1.1|200|39
1573778016|www.opie.io|GET /images/bizarre.png HTTP/1.1|304|0
1573778033|www.opie.io|GET / HTTP/1.1|304|0
1573778034|www.opie.io|GET /global.css HTTP/1.1|200|467
1573778034|www.opie.io|GET /bundle.js HTTP/1.1|200|3134
1573778034|www.opie.io|GET /bundle.css HTTP/1.1|304|0
1573778034|www.opie.io|GET /images/bizarre.png HTTP/1.1|304|0
1573779906|www.opie.io|GET /favicon.png HTTP/1.1|200|3127
1573783241|62.107.67.16:80|GET / HTTP/1.1|200|371
1573783256|62.107.67.16:80|GET / HTTP/1.1|200|371
1573787026|62.107.67.16:80|GET / HTTP/1.1|200|371
1573790129|-|GET / HTTP/1.0|200|371
1573791442|62.107.67.16|GET / HTTP/1.1|200|217
1573794226|62.107.67.16:80|GET / HTTP/1.1|200|371
1573796555|-|GET / HTTP/1.0|200|371
1573798394|-|GET / HTTP/1.0|200|371
1573802742|-|HEAD /robots.txt HTTP/1.0|404|0
1573803431|62.107.67.16:443|GET / HTTP/1.1|200|217
1573803536|-|GET / HTTP/1.0|200|371
1573806421|-|HEAD /robots.txt HTTP/1.0|404|0
1573806953|62.107.67.16:80|GET / HTTP/1.1|200|371
1573810450|www.opie.io|GET / HTTP/1.1|304|0
1573810451|www.opie.io|GET /bundle.js HTTP/1.1|200|3134
1573810451|www.opie.io|GET /global.css HTTP/1.1|304|0
1573810451|www.opie.io|GET /bundle.css HTTP/1.1|200|39
1573810452|www.opie.io|GET /images/bizarre.png HTTP/1.1|200|698015
1573811722|-|GET / HTTP/1.0|200|371
1573813129|-|GET / HTTP/1.0|200|371
1573817170|-|GET / HTTP/1.0|200|371
1573817904|www.opie.io|GET / HTTP/1.1|304|0
1573817905|www.opie.io|GET /bundle.css HTTP/1.1|304|0
1573817905|www.opie.io|GET /global.css HTTP/1.1|304|0
1573817905|www.opie.io|GET /bundle.js HTTP/1.1|304|0
1573817905|www.opie.io|GET /images/bizarre.png HTTP/1.1|304|0
1573817905|www.opie.io|GET /favicon.png HTTP/1.1|304|0
1573818561|192.168.0.102:1337|GET / HTTP/1.1|200|217
1573818562|192.168.0.102:1337|GET /bundle.css HTTP/1.1|200|39
1573818562|192.168.0.102:1337|GET /bundle.js HTTP/1.1|200|3134
1573818562|192.168.0.102:1337|GET /images/bizarre.png HTTP/1.1|304|0
1573818562|192.168.0.102:1337|GET /favicon.png HTTP/1.1|200|3127
1573818669|-|GET / HTTP/1.0|200|371
1573819564|www.opie.io|GET / HTTP/1.1|304|0
